[handleMsg]:  {
  key: {
    remoteJid: '573138046702@s.whatsapp.net',
    fromMe: false,
    id: 'C191625ECCFF152818BE720C54EB3477',
    participant: undefined
  },
  messageTimestamp: 1733086544,
  pushName: 'Mechas',
  broadcast: false,
  message: Message {
    conversation: 'Vkgb',
    messageContextInfo: MessageContextInfo {
      deviceListMetadata: [DeviceListMetadata],
      deviceListMetadataVersion: 2,
      messageSecret: [Uint8Array]
    }
  },
  body: 'Vkgb',
  from: '573138046702'
}
[QUEUE_SE_ENVIO]:  {
  ref: 'ans_68ac9d7e-c3af-406d-b33d-ff8d603ad993',
  keyword: 'key_0261edf8-c09a-491a-8e14-1a77697a8b0c',
  answer: 'Hola, bienvenido al chat de PQRS de movistar arena,para desplegar el menu de opciones escribe    inicio ',
  options: {
    media: null,
    buttons: [],
    capture: true,
    child: null,
    delay: 0,
    idle: null,
    ref: null,
    nested: [],
    keyword: {},
    callback: true
  },
  refSerialize: 'abf3e7814f474faf9e8ad5715c261aac'
}
[handleMsg]:  {
  key: {
    remoteJid: '573138046702@s.whatsapp.net',
    fromMe: false,
    id: 'B2592B4823E00C4FC9A637F0C520B6A0',
    participant: undefined
  },
  messageTimestamp: 1733086552,
  pushName: 'Mechas',
  broadcast: false,
  message: Message {
    conversation: 'Inicio',
    messageContextInfo: MessageContextInfo {
      deviceListMetadata: [DeviceListMetadata],
      deviceListMetadataVersion: 2,
      messageSecret: [Uint8Array]
    }
  },
  body: 'Inicio',
  from: '573138046702'
}
